2025-10-24 14:05:07,695 - INFO - Запуск основной программы автоматизации...
2025-10-24 14:05:07,695 - INFO - Поиск окна Telegram...
2025-10-24 14:05:08,187 - INFO - Найден процесс Telegram: Telegram.exe
2025-10-24 14:05:08,188 - INFO - Активация окна Telegram...
2025-10-24 14:05:15,287 - INFO - Окно Telegram активировано (проверка по процессу)
2025-10-24 14:05:15,288 - INFO - Начало работы с ботом...
2025-10-24 14:05:15,289 - INFO - Пропускаем отправку /start - считаем что анкеты уже открыты
2025-10-24 14:05:15,289 - INFO - Программа готова к оценке открытых анкет
2025-10-24 14:05:15,291 - INFO - Пропускаем поиск кнопки 'Оценивать' - начинаем сразу оценку
2025-10-24 14:05:15,295 - INFO - Начинаем цикл оценок...
2025-10-24 14:05:20,848 - INFO - Распознанный текст: af

all chat

обучен

~ бибинто

27 @ простой запуск автомати — х + ом

press any key to continue .

@ запускаю программу...

@ автоматизация бота ana знакомств bibinto

||0||

ё инструкция no использ...
2025-10-24 14:05:20,852 - INFO - Обнаружена анкета (индикаторы: ['город', 'поиск', 'photo', 'name', 'возраст_цифры'])
2025-10-24 14:05:20,862 - INFO - Сгенерирована оценка: 10
2025-10-24 14:05:22,711 - INFO - Введено сообщение: 10
2025-10-24 14:05:25,716 - INFO - Отправлена оценка: 10
2025-10-24 14:05:25,717 - INFO - Ожидание 7.9 секунд...
2025-10-24 14:05:35,867 - INFO - Распознанный текст: = бибинто @а 0 bot info x

303 057 monthly users

g® ad fast love - знакомства & dating remove x
jd оценивайте анкеты, находите совпадения и начинайте общение прямо в telegram. ' bot для tex, кто гото...
2025-10-24 14:05:35,869 - INFO - Обнаружена анкета (индикаторы: ['лет', 'лет', 'лет', 'город', 'знакомства', 'photo', 'name', 'возраст_цифры'])
2025-10-24 14:05:35,874 - INFO - Сгенерирована оценка: 8
2025-10-24 14:05:37,152 - INFO - Введено сообщение: 8
2025-10-24 14:05:40,156 - INFO - Отправлена оценка: 8
2025-10-24 14:05:40,157 - INFO - Ожидание 8.1 секунд...
2025-10-24 14:05:50,023 - INFO - Распознанный текст: — бибинто
— о 303 057 monthly users qo

bot info x

ad fast love - знакомства & dating remove
оценивайте анкеты, находите совпадения и начинайте общение прямо в telegram. ‘ bor для tex, кто готов к от...
2025-10-24 14:05:50,023 - INFO - Обнаружена анкета (индикаторы: ['лет', 'лет', 'лет', 'город', 'знакомства', 'photo', 'name', 'возраст_цифры'])
2025-10-24 14:05:50,025 - INFO - Сгенерирована оценка: 5
2025-10-24 14:05:51,382 - INFO - Введено сообщение: 5
2025-10-24 14:05:54,389 - INFO - Отправлена оценка: 5
2025-10-24 14:05:54,389 - INFO - Ожидание 8.9 секунд...
2025-10-24 14:10:41,378 - INFO - Запуск основной программы автоматизации...
2025-10-24 14:10:41,380 - INFO - Поиск окна Telegram...
2025-10-24 14:10:42,114 - INFO - Найден процесс Telegram: Telegram.exe
2025-10-24 14:10:42,114 - INFO - Проверка, что окно Telegram активно...
2025-10-24 14:10:43,115 - INFO - Окно Telegram считается активным (пользователь должен быть в чате)
2025-10-24 14:10:43,116 - INFO - Начало работы с ботом...
2025-10-24 14:10:43,116 - INFO - Пропускаем отправку /start - считаем что анкеты уже открыты
2025-10-24 14:10:43,116 - INFO - Программа готова к оценке открытых анкет
2025-10-24 14:10:43,117 - INFO - Пропускаем поиск кнопки 'Оценивать' - начинаем сразу оценку
2025-10-24 14:10:43,117 - INFO - Начинаем цикл оценок...
2025-10-24 14:10:47,638 - INFO - Распознанный текст: бибинто °
= е bot info
о 303 057 monthly users qo: x

g® ad fast love - знакомства & dating remove
j]
all chats ®` @ простой запуск автомати x + vy = ia) x 5) бибинто

c) в igo) — 303 057 monthly user...
2025-10-24 14:10:47,640 - INFO - Обнаружена анкета (индикаторы: ['город', 'поиск', 'знакомства', 'photo', 'name', 'возраст_цифры'])
2025-10-24 14:10:47,643 - INFO - Сгенерирована оценка: 10
2025-10-24 14:10:49,575 - INFO - Введено сообщение: 10
2025-10-24 14:10:52,589 - INFO - Отправлена оценка: 10
2025-10-24 14:10:52,589 - INFO - Ожидание 6.6 секунд...
2025-10-24 14:10:54,586 - INFO - Получен сигнал прерывания, остановка программы
2025-10-24 14:10:54,587 - INFO - Работа программы завершена
2025-10-24 14:12:32,118 - INFO - Запуск основной программы автоматизации...
2025-10-24 14:12:32,118 - INFO - Поиск окна Telegram...
2025-10-24 14:12:32,715 - INFO - Найден процесс Telegram: Telegram.exe
2025-10-24 14:12:32,716 - INFO - Проверка, что окно Telegram активно...
2025-10-24 14:12:35,253 - INFO - Окно Telegram считается активным (пользователь должен быть в чате)
2025-10-24 14:12:35,253 - INFO - Начало работы с ботом...
2025-10-24 14:12:35,254 - INFO - Пропускаем отправку /start - считаем что анкеты уже открыты
2025-10-24 14:12:35,254 - INFO - Программа готова к оценке открытых анкет
2025-10-24 14:12:35,254 - INFO - Пропускаем поиск кнопки 'Оценивать' - начинаем сразу оценку
2025-10-24 14:12:35,254 - INFO - Начинаем цикл оценок...
2025-10-24 14:12:37,249 - INFO - Распознанный текст: бибинто
303 057 monthly users

ill
ю

.. ad fast love - знакомства & dating remove
x @

обучение

-®№ вернуться к анкете

599

liz.zzzik, 18 net (mp)
город: москва

ф увидели тут рекламу? - жмите кноп...
2025-10-24 14:12:37,249 - INFO - Обнаружена анкета (индикаторы: ['город', 'знакомства', 'photo', 'name', 'возраст_цифры'])
2025-10-24 14:12:37,253 - INFO - Сгенерирована оценка: 9
2025-10-24 14:12:38,550 - INFO - Введено сообщение: 9
2025-10-24 14:12:41,554 - INFO - Отправлена оценка: 9
2025-10-24 14:12:41,555 - INFO - Ожидание 10.5 секунд...
2025-10-24 14:12:55,266 - INFO - Распознанный текст: бибинто

: bot info x
q 303 057 monthly users qa @:
@® ad fast love - знакомства & dating remove x
jd [+] оценивайте анкеты, находите совпадения и начинайте общение прямо в telegram. ‘ bot для tex, кт...
2025-10-24 14:12:55,267 - INFO - Обнаружена анкета (индикаторы: ['лет', 'лет', 'лет', 'город', 'знакомства', 'photo', 'name', 'возраст_цифры'])
2025-10-24 14:12:55,272 - INFO - Сгенерирована оценка: 1
2025-10-24 14:12:56,535 - INFO - Введено сообщение: 1
2025-10-24 14:12:59,542 - INFO - Отправлена оценка: 1
2025-10-24 14:12:59,543 - INFO - Ожидание 8.7 секунд...
2025-10-24 14:13:10,642 - INFO - Распознанный текст: = q бибинто а @

bot info x
303 057 monthly users

@® ad fast love - знакомства & dating remove x
jd [+] ) оценивайте анкеты, находите совпадения и начинайте общение прямо в telegram. ‘ bot для tex, к...
2025-10-24 14:13:10,645 - INFO - Обнаружена анкета (индикаторы: ['город', 'знакомства', 'photo', 'name', 'возраст_цифры'])
2025-10-24 14:13:10,654 - INFO - Сгенерирована оценка: 8
2025-10-24 14:13:11,985 - INFO - Введено сообщение: 8
2025-10-24 14:13:14,992 - INFO - Отправлена оценка: 8
2025-10-24 14:13:14,993 - INFO - Ожидание 7.4 секунд...
2025-10-24 14:13:20,899 - INFO - Получен сигнал прерывания, остановка программы
2025-10-24 14:13:20,899 - INFO - Работа программы завершена
